<?xml version="1.0" encoding="UTF-8"?>
<!-- Generated by org.testng.reporters.JUnitXMLReporter -->
<testsuite ignored="0" hostname="DESKTOP-4ESPB9P" failures="0" tests="5" name="AutomationTest" time="0.127" errors="0" timestamp="2025-06-10T05:39:29 IST">
  <testcase classname="TestNgPack.TNG_1" name="a" time="0.009"/>
  <testcase classname="TestNgPack.TNG_1" name="c" time="0.001"/>
  <testcase classname="TestNgPack.TNG_1" name="f" time="0.002"/>
  <testcase classname="TestNgPack.NewTest" name="f" time="0.003"/>
  <testcase classname="TestNgPack.Demo" name="m1" time="0.002"/>
</testsuite> <!-- AutomationTest -->
